<?xml version="1.0" encoding="UTF-8"?>
<!-- Generated by org.testng.reporters.JUnitReportReporter -->
<testsuite hostname="Sangeethas-MacBook-Pro.local" failures="0" tests="3" name="RA.Dynamic_Json" time="2.618" errors="0" timestamp="2022-10-07T11:32:59 IST" skipped="0">
  <testcase classname="RA.Dynamic_Json" name="addBook" time="0.214"/>
  <system-out/>
  <testcase classname="RA.Dynamic_Json" name="addBook" time="2.261"/>
  <system-out/>
  <testcase classname="RA.Dynamic_Json" name="addBook" time="0.143"/>
  <system-out/>
</testsuite> <!-- RA.Dynamic_Json -->
